{"/home/jorge/Proyectos/webs/jgascon.net/public/blog/2020/Babylon_js_demo_dresses/Scene.js": {"path":"/home/jorge/Proyectos/webs/jgascon.net/public/blog/2020/Babylon_js_demo_dresses/Scene.js","statementMap":{"0":{"start":{"line":8,"column":26},"end":{"line":8,"column":35}},"1":{"start":{"line":10,"column":13},"end":{"line":10,"column":17}},"2":{"start":{"line":12,"column":13},"end":{"line":12,"column":17}},"3":{"start":{"line":14,"column":12},"end":{"line":14,"column":16}},"4":{"start":{"line":16,"column":13},"end":{"line":16,"column":17}},"5":{"start":{"line":21,"column":8},"end":{"line":21,"column":21}},"6":{"start":{"line":22,"column":8},"end":{"line":22,"column":57}},"7":{"start":{"line":24,"column":8},"end":{"line":39,"column":9}},"8":{"start":{"line":26,"column":12},"end":{"line":31,"column":48}},"9":{"start":{"line":37,"column":12},"end":{"line":37,"column":51}},"10":{"start":{"line":43,"column":8},"end":{"line":51,"column":9}},"11":{"start":{"line":44,"column":29},"end":{"line":44,"column":60}},"12":{"start":{"line":45,"column":12},"end":{"line":49,"column":13}},"13":{"start":{"line":46,"column":16},"end":{"line":46,"column":42}},"14":{"start":{"line":47,"column":16},"end":{"line":47,"column":32}},"15":{"start":{"line":48,"column":16},"end":{"line":48,"column":88}},"16":{"start":{"line":50,"column":12},"end":{"line":50,"column":29}},"17":{"start":{"line":53,"column":8},"end":{"line":53,"column":52}},"18":{"start":{"line":55,"column":8},"end":{"line":63,"column":9}},"19":{"start":{"line":56,"column":29},"end":{"line":56,"column":59}},"20":{"start":{"line":57,"column":12},"end":{"line":61,"column":13}},"21":{"start":{"line":58,"column":16},"end":{"line":58,"column":42}},"22":{"start":{"line":59,"column":16},"end":{"line":59,"column":32}},"23":{"start":{"line":60,"column":16},"end":{"line":60,"column":88}},"24":{"start":{"line":62,"column":12},"end":{"line":62,"column":29}},"25":{"start":{"line":65,"column":8},"end":{"line":65,"column":55}},"26":{"start":{"line":67,"column":8},"end":{"line":70,"column":62}},"27":{"start":{"line":71,"column":8},"end":{"line":71,"column":44}},"28":{"start":{"line":72,"column":8},"end":{"line":72,"column":41}},"29":{"start":{"line":73,"column":8},"end":{"line":73,"column":32}},"30":{"start":{"line":75,"column":8},"end":{"line":77,"column":9}},"31":{"start":{"line":76,"column":12},"end":{"line":76,"column":57}},"32":{"start":{"line":86,"column":20},"end":{"line":88,"column":60}},"33":{"start":{"line":89,"column":8},"end":{"line":89,"column":28}},"34":{"start":{"line":92,"column":25},"end":{"line":93,"column":82}},"35":{"start":{"line":95,"column":8},"end":{"line":95,"column":63}},"36":{"start":{"line":96,"column":8},"end":{"line":96,"column":63}},"37":{"start":{"line":99,"column":24},"end":{"line":99,"column":79}},"38":{"start":{"line":100,"column":32},"end":{"line":100,"column":77}},"39":{"start":{"line":101,"column":8},"end":{"line":101,"column":50}},"40":{"start":{"line":102,"column":8},"end":{"line":102,"column":65}},"41":{"start":{"line":103,"column":8},"end":{"line":103,"column":90}},"42":{"start":{"line":104,"column":8},"end":{"line":104,"column":45}},"43":{"start":{"line":105,"column":8},"end":{"line":105,"column":49}},"44":{"start":{"line":106,"column":8},"end":{"line":106,"column":47}},"45":{"start":{"line":107,"column":8},"end":{"line":107,"column":42}},"46":{"start":{"line":114,"column":8},"end":{"line":114,"column":41}},"47":{"start":{"line":115,"column":8},"end":{"line":115,"column":27}},"48":{"start":{"line":116,"column":8},"end":{"line":116,"column":27}},"49":{"start":{"line":117,"column":8},"end":{"line":117,"column":26}},"50":{"start":{"line":118,"column":8},"end":{"line":118,"column":27}},"51":{"start":{"line":125,"column":8},"end":{"line":125,"column":46}},"52":{"start":{"line":132,"column":8},"end":{"line":132,"column":28}},"53":{"start":{"line":139,"column":8},"end":{"line":139,"column":29}},"54":{"start":{"line":146,"column":22},"end":{"line":146,"column":26}},"55":{"start":{"line":147,"column":8},"end":{"line":162,"column":40}},"56":{"start":{"line":152,"column":44},"end":{"line":160,"column":45}},"57":{"start":{"line":152,"column":55},"end":{"line":152,"column":56}},"58":{"start":{"line":153,"column":59},"end":{"line":153,"column":68}},"59":{"start":{"line":155,"column":48},"end":{"line":157,"column":49}},"60":{"start":{"line":156,"column":52},"end":{"line":156,"column":61}},"61":{"start":{"line":159,"column":48},"end":{"line":159,"column":85}},"62":{"start":{"line":169,"column":8},"end":{"line":171,"column":9}},"63":{"start":{"line":170,"column":12},"end":{"line":170,"column":19}},"64":{"start":{"line":173,"column":22},"end":{"line":173,"column":29}},"65":{"start":{"line":175,"column":8},"end":{"line":175,"column":21}},"66":{"start":{"line":177,"column":8},"end":{"line":177,"column":67}},"67":{"start":{"line":179,"column":22},"end":{"line":179,"column":26}},"68":{"start":{"line":181,"column":8},"end":{"line":201,"column":10}},"69":{"start":{"line":185,"column":35},"end":{"line":185,"column":57}},"70":{"start":{"line":186,"column":24},"end":{"line":186,"column":65}},"71":{"start":{"line":187,"column":24},"end":{"line":187,"column":54}},"72":{"start":{"line":188,"column":24},"end":{"line":188,"column":52}},"73":{"start":{"line":195,"column":35},"end":{"line":195,"column":57}},"74":{"start":{"line":196,"column":24},"end":{"line":196,"column":68}},"75":{"start":{"line":197,"column":24},"end":{"line":197,"column":56}},"76":{"start":{"line":198,"column":24},"end":{"line":198,"column":53}},"77":{"start":{"line":213,"column":8},"end":{"line":296,"column":9}},"78":{"start":{"line":214,"column":12},"end":{"line":214,"column":51}},"79":{"start":{"line":216,"column":12},"end":{"line":218,"column":13}},"80":{"start":{"line":217,"column":16},"end":{"line":217,"column":25}},"81":{"start":{"line":220,"column":12},"end":{"line":220,"column":70}},"82":{"start":{"line":223,"column":12},"end":{"line":223,"column":37}},"83":{"start":{"line":225,"column":12},"end":{"line":225,"column":61}},"84":{"start":{"line":227,"column":12},"end":{"line":272,"column":13}},"85":{"start":{"line":228,"column":16},"end":{"line":228,"column":62}},"86":{"start":{"line":230,"column":16},"end":{"line":244,"column":17}},"87":{"start":{"line":233,"column":20},"end":{"line":233,"column":62}},"88":{"start":{"line":238,"column":20},"end":{"line":238,"column":78}},"89":{"start":{"line":239,"column":20},"end":{"line":239,"column":65}},"90":{"start":{"line":241,"column":20},"end":{"line":241,"column":48}},"91":{"start":{"line":242,"column":20},"end":{"line":242,"column":65}},"92":{"start":{"line":243,"column":20},"end":{"line":243,"column":82}},"93":{"start":{"line":253,"column":34},"end":{"line":253,"column":38}},"94":{"start":{"line":254,"column":16},"end":{"line":261,"column":18}},"95":{"start":{"line":256,"column":24},"end":{"line":259,"column":25}},"96":{"start":{"line":257,"column":28},"end":{"line":257,"column":50}},"97":{"start":{"line":258,"column":28},"end":{"line":258,"column":35}},"98":{"start":{"line":263,"column":16},"end":{"line":269,"column":17}},"99":{"start":{"line":264,"column":20},"end":{"line":264,"column":66}},"100":{"start":{"line":265,"column":20},"end":{"line":265,"column":79}},"101":{"start":{"line":267,"column":20},"end":{"line":267,"column":44}},"102":{"start":{"line":271,"column":16},"end":{"line":271,"column":52}},"103":{"start":{"line":276,"column":12},"end":{"line":276,"column":36}},"104":{"start":{"line":278,"column":12},"end":{"line":290,"column":13}},"105":{"start":{"line":279,"column":16},"end":{"line":279,"column":37}},"106":{"start":{"line":280,"column":16},"end":{"line":280,"column":33}},"107":{"start":{"line":283,"column":16},"end":{"line":289,"column":17}},"108":{"start":{"line":284,"column":20},"end":{"line":284,"column":66}},"109":{"start":{"line":285,"column":20},"end":{"line":285,"column":54}},"110":{"start":{"line":292,"column":12},"end":{"line":292,"column":72}},"111":{"start":{"line":293,"column":12},"end":{"line":293,"column":70}},"112":{"start":{"line":294,"column":12},"end":{"line":294,"column":36}},"113":{"start":{"line":305,"column":0},"end":{"line":307,"column":1}},"114":{"start":{"line":306,"column":4},"end":{"line":306,"column":27}}},"fnMap":{"0":{"name":"(anonymous_0)","decl":{"start":{"line":20,"column":4},"end":{"line":20,"column":5}},"loc":{"start":{"line":20,"column":27},"end":{"line":108,"column":5}},"line":20},"1":{"name":"(anonymous_1)","decl":{"start":{"line":113,"column":4},"end":{"line":113,"column":5}},"loc":{"start":{"line":113,"column":12},"end":{"line":119,"column":5}},"line":113},"2":{"name":"(anonymous_2)","decl":{"start":{"line":124,"column":4},"end":{"line":124,"column":5}},"loc":{"start":{"line":124,"column":36},"end":{"line":126,"column":5}},"line":124},"3":{"name":"(anonymous_3)","decl":{"start":{"line":131,"column":4},"end":{"line":131,"column":5}},"loc":{"start":{"line":131,"column":13},"end":{"line":133,"column":5}},"line":131},"4":{"name":"(anonymous_4)","decl":{"start":{"line":138,"column":4},"end":{"line":138,"column":5}},"loc":{"start":{"line":138,"column":13},"end":{"line":140,"column":5}},"line":138},"5":{"name":"(anonymous_5)","decl":{"start":{"line":145,"column":4},"end":{"line":145,"column":5}},"loc":{"start":{"line":145,"column":25},"end":{"line":163,"column":5}},"line":145},"6":{"name":"(anonymous_6)","decl":{"start":{"line":151,"column":39},"end":{"line":151,"column":40}},"loc":{"start":{"line":151,"column":57},"end":{"line":161,"column":40}},"line":151},"7":{"name":"(anonymous_7)","decl":{"start":{"line":168,"column":4},"end":{"line":168,"column":5}},"loc":{"start":{"line":168,"column":33},"end":{"line":202,"column":5}},"line":168},"8":{"name":"(anonymous_8)","decl":{"start":{"line":184,"column":20},"end":{"line":184,"column":21}},"loc":{"start":{"line":184,"column":37},"end":{"line":189,"column":21}},"line":184},"9":{"name":"(anonymous_9)","decl":{"start":{"line":194,"column":20},"end":{"line":194,"column":21}},"loc":{"start":{"line":194,"column":37},"end":{"line":199,"column":21}},"line":194},"10":{"name":"(anonymous_10)","decl":{"start":{"line":207,"column":4},"end":{"line":207,"column":5}},"loc":{"start":{"line":207,"column":48},"end":{"line":298,"column":5}},"line":207},"11":{"name":"(anonymous_11)","decl":{"start":{"line":255,"column":20},"end":{"line":255,"column":21}},"loc":{"start":{"line":255,"column":38},"end":{"line":260,"column":21}},"line":255}},"branchMap":{"0":{"loc":{"start":{"line":24,"column":8},"end":{"line":39,"column":9}},"type":"if","locations":[{"start":{"line":24,"column":8},"end":{"line":39,"column":9}},{"start":{"line":24,"column":8},"end":{"line":39,"column":9}}],"line":24},"1":{"loc":{"start":{"line":43,"column":8},"end":{"line":51,"column":9}},"type":"if","locations":[{"start":{"line":43,"column":8},"end":{"line":51,"column":9}},{"start":{"line":43,"column":8},"end":{"line":51,"column":9}}],"line":43},"2":{"loc":{"start":{"line":45,"column":12},"end":{"line":49,"column":13}},"type":"if","locations":[{"start":{"line":45,"column":12},"end":{"line":49,"column":13}},{"start":{"line":45,"column":12},"end":{"line":49,"column":13}}],"line":45},"3":{"loc":{"start":{"line":55,"column":8},"end":{"line":63,"column":9}},"type":"if","locations":[{"start":{"line":55,"column":8},"end":{"line":63,"column":9}},{"start":{"line":55,"column":8},"end":{"line":63,"column":9}}],"line":55},"4":{"loc":{"start":{"line":57,"column":12},"end":{"line":61,"column":13}},"type":"if","locations":[{"start":{"line":57,"column":12},"end":{"line":61,"column":13}},{"start":{"line":57,"column":12},"end":{"line":61,"column":13}}],"line":57},"5":{"loc":{"start":{"line":75,"column":8},"end":{"line":77,"column":9}},"type":"if","locations":[{"start":{"line":75,"column":8},"end":{"line":77,"column":9}},{"start":{"line":75,"column":8},"end":{"line":77,"column":9}}],"line":75},"6":{"loc":{"start":{"line":155,"column":48},"end":{"line":157,"column":49}},"type":"if","locations":[{"start":{"line":155,"column":48},"end":{"line":157,"column":49}},{"start":{"line":155,"column":48},"end":{"line":157,"column":49}}],"line":155},"7":{"loc":{"start":{"line":169,"column":8},"end":{"line":171,"column":9}},"type":"if","locations":[{"start":{"line":169,"column":8},"end":{"line":171,"column":9}},{"start":{"line":169,"column":8},"end":{"line":171,"column":9}}],"line":169},"8":{"loc":{"start":{"line":216,"column":12},"end":{"line":218,"column":13}},"type":"if","locations":[{"start":{"line":216,"column":12},"end":{"line":218,"column":13}},{"start":{"line":216,"column":12},"end":{"line":218,"column":13}}],"line":216},"9":{"loc":{"start":{"line":227,"column":12},"end":{"line":272,"column":13}},"type":"if","locations":[{"start":{"line":227,"column":12},"end":{"line":272,"column":13}},{"start":{"line":227,"column":12},"end":{"line":272,"column":13}}],"line":227},"10":{"loc":{"start":{"line":230,"column":16},"end":{"line":244,"column":17}},"type":"if","locations":[{"start":{"line":230,"column":16},"end":{"line":244,"column":17}},{"start":{"line":230,"column":16},"end":{"line":244,"column":17}}],"line":230},"11":{"loc":{"start":{"line":256,"column":24},"end":{"line":259,"column":25}},"type":"if","locations":[{"start":{"line":256,"column":24},"end":{"line":259,"column":25}},{"start":{"line":256,"column":24},"end":{"line":259,"column":25}}],"line":256},"12":{"loc":{"start":{"line":263,"column":16},"end":{"line":269,"column":17}},"type":"if","locations":[{"start":{"line":263,"column":16},"end":{"line":269,"column":17}},{"start":{"line":263,"column":16},"end":{"line":269,"column":17}}],"line":263},"13":{"loc":{"start":{"line":278,"column":12},"end":{"line":290,"column":13}},"type":"if","locations":[{"start":{"line":278,"column":12},"end":{"line":290,"column":13}},{"start":{"line":278,"column":12},"end":{"line":290,"column":13}}],"line":278},"14":{"loc":{"start":{"line":278,"column":16},"end":{"line":278,"column":51}},"type":"binary-expr","locations":[{"start":{"line":278,"column":16},"end":{"line":278,"column":23}},{"start":{"line":278,"column":27},"end":{"line":278,"column":51}}],"line":278},"15":{"loc":{"start":{"line":283,"column":16},"end":{"line":289,"column":17}},"type":"if","locations":[{"start":{"line":283,"column":16},"end":{"line":289,"column":17}},{"start":{"line":283,"column":16},"end":{"line":289,"column":17}}],"line":283},"16":{"loc":{"start":{"line":305,"column":0},"end":{"line":307,"column":1}},"type":"if","locations":[{"start":{"line":305,"column":0},"end":{"line":307,"column":1}},{"start":{"line":305,"column":0},"end":{"line":307,"column":1}}],"line":305}},"s":{"0":5,"1":5,"2":5,"3":5,"4":5,"5":5,"6":5,"7":5,"8":0,"9":5,"10":5,"11":0,"12":0,"13":0,"14":0,"15":0,"16":0,"17":5,"18":5,"19":0,"20":0,"21":0,"22":0,"23":0,"24":0,"25":5,"26":5,"27":5,"28":5,"29":5,"30":5,"31":0,"32":5,"33":5,"34":5,"35":5,"36":5,"37":5,"38":5,"39":5,"40":5,"41":5,"42":5,"43":5,"44":5,"45":5,"46":5,"47":5,"48":5,"49":5,"50":5,"51":1,"52":1,"53":1,"54":4,"55":4,"56":0,"57":0,"58":0,"59":0,"60":0,"61":0,"62":0,"63":0,"64":0,"65":0,"66":0,"67":0,"68":0,"69":0,"70":0,"71":0,"72":0,"73":0,"74":0,"75":0,"76":0,"77":2,"78":3,"79":3,"80":3,"81":0,"82":0,"83":0,"84":0,"85":0,"86":0,"87":0,"88":0,"89":0,"90":0,"91":0,"92":0,"93":0,"94":0,"95":0,"96":0,"97":0,"98":0,"99":0,"100":0,"101":0,"102":0,"103":0,"104":0,"105":0,"106":0,"107":0,"108":0,"109":0,"110":0,"111":0,"112":0,"113":1,"114":1},"f":{"0":5,"1":5,"2":1,"3":1,"4":1,"5":4,"6":0,"7":0,"8":0,"9":0,"10":2,"11":0},"b":{"0":[0,5],"1":[0,5],"2":[0,0],"3":[0,5],"4":[0,0],"5":[0,5],"6":[0,0],"7":[0,0],"8":[3,0],"9":[0,0],"10":[0,0],"11":[0,0],"12":[0,0],"13":[0,0],"14":[0,0],"15":[0,0],"16":[1,0]},"_coverageSchema":"1a1c01bbd47fc00a2c39e90264f33305004495a9","hash":"a7a124bd039e984f106981cf61bca0556d891e20"}
,"/home/jorge/Proyectos/webs/jgascon.net/public/blog/2020/Babylon_js_demo_dresses/Textures_List.js": {"path":"/home/jorge/Proyectos/webs/jgascon.net/public/blog/2020/Babylon_js_demo_dresses/Textures_List.js","statementMap":{"0":{"start":{"line":10,"column":4},"end":{"line":10,"column":50}},"1":{"start":{"line":19,"column":11},"end":{"line":19,"column":20}},"2":{"start":{"line":21,"column":19},"end":{"line":21,"column":99}},"3":{"start":{"line":23,"column":13},"end":{"line":23,"column":17}},"4":{"start":{"line":32,"column":25},"end":{"line":32,"column":30}},"5":{"start":{"line":34,"column":8},"end":{"line":36,"column":9}},"6":{"start":{"line":35,"column":12},"end":{"line":35,"column":103}},"7":{"start":{"line":38,"column":8},"end":{"line":45,"column":9}},"8":{"start":{"line":39,"column":12},"end":{"line":43,"column":13}},"9":{"start":{"line":40,"column":16},"end":{"line":40,"column":42}},"10":{"start":{"line":41,"column":16},"end":{"line":41,"column":32}},"11":{"start":{"line":42,"column":16},"end":{"line":42,"column":88}},"12":{"start":{"line":44,"column":12},"end":{"line":44,"column":29}},"13":{"start":{"line":51,"column":8},"end":{"line":51,"column":21}},"14":{"start":{"line":52,"column":8},"end":{"line":52,"column":54}},"15":{"start":{"line":53,"column":8},"end":{"line":53,"column":50}},"16":{"start":{"line":59,"column":8},"end":{"line":59,"column":50}},"17":{"start":{"line":61,"column":8},"end":{"line":63,"column":9}},"18":{"start":{"line":62,"column":12},"end":{"line":62,"column":19}},"19":{"start":{"line":65,"column":8},"end":{"line":65,"column":31}},"20":{"start":{"line":68,"column":27},"end":{"line":68,"column":44}},"21":{"start":{"line":70,"column":8},"end":{"line":70,"column":62}},"22":{"start":{"line":71,"column":8},"end":{"line":71,"column":63}},"23":{"start":{"line":73,"column":8},"end":{"line":76,"column":9}},"24":{"start":{"line":75,"column":12},"end":{"line":75,"column":50}},"25":{"start":{"line":82,"column":8},"end":{"line":84,"column":9}},"26":{"start":{"line":83,"column":12},"end":{"line":83,"column":19}},"27":{"start":{"line":86,"column":8},"end":{"line":86,"column":50}},"28":{"start":{"line":88,"column":8},"end":{"line":88,"column":34}},"29":{"start":{"line":91,"column":20},"end":{"line":91,"column":52}},"30":{"start":{"line":92,"column":8},"end":{"line":94,"column":9}},"31":{"start":{"line":93,"column":12},"end":{"line":93,"column":43}},"32":{"start":{"line":100,"column":8},"end":{"line":100,"column":26}},"33":{"start":{"line":102,"column":8},"end":{"line":104,"column":9}},"34":{"start":{"line":103,"column":12},"end":{"line":103,"column":39}},"35":{"start":{"line":113,"column":0},"end":{"line":115,"column":1}},"36":{"start":{"line":114,"column":4},"end":{"line":114,"column":35}}},"fnMap":{"0":{"name":"texture_drag","decl":{"start":{"line":9,"column":9},"end":{"line":9,"column":21}},"loc":{"start":{"line":9,"column":26},"end":{"line":11,"column":1}},"line":9},"1":{"name":"(anonymous_1)","decl":{"start":{"line":29,"column":4},"end":{"line":29,"column":5}},"loc":{"start":{"line":29,"column":41},"end":{"line":46,"column":5}},"line":29},"2":{"name":"(anonymous_2)","decl":{"start":{"line":50,"column":4},"end":{"line":50,"column":5}},"loc":{"start":{"line":50,"column":24},"end":{"line":54,"column":5}},"line":50},"3":{"name":"(anonymous_3)","decl":{"start":{"line":58,"column":4},"end":{"line":58,"column":5}},"loc":{"start":{"line":58,"column":17},"end":{"line":77,"column":5}},"line":58},"4":{"name":"(anonymous_4)","decl":{"start":{"line":81,"column":4},"end":{"line":81,"column":5}},"loc":{"start":{"line":81,"column":20},"end":{"line":95,"column":5}},"line":81},"5":{"name":"(anonymous_5)","decl":{"start":{"line":99,"column":4},"end":{"line":99,"column":5}},"loc":{"start":{"line":99,"column":12},"end":{"line":105,"column":5}},"line":99}},"branchMap":{"0":{"loc":{"start":{"line":34,"column":8},"end":{"line":36,"column":9}},"type":"if","locations":[{"start":{"line":34,"column":8},"end":{"line":36,"column":9}},{"start":{"line":34,"column":8},"end":{"line":36,"column":9}}],"line":34},"1":{"loc":{"start":{"line":38,"column":8},"end":{"line":45,"column":9}},"type":"if","locations":[{"start":{"line":38,"column":8},"end":{"line":45,"column":9}},{"start":{"line":38,"column":8},"end":{"line":45,"column":9}}],"line":38},"2":{"loc":{"start":{"line":39,"column":12},"end":{"line":43,"column":13}},"type":"if","locations":[{"start":{"line":39,"column":12},"end":{"line":43,"column":13}},{"start":{"line":39,"column":12},"end":{"line":43,"column":13}}],"line":39},"3":{"loc":{"start":{"line":61,"column":8},"end":{"line":63,"column":9}},"type":"if","locations":[{"start":{"line":61,"column":8},"end":{"line":63,"column":9}},{"start":{"line":61,"column":8},"end":{"line":63,"column":9}}],"line":61},"4":{"loc":{"start":{"line":73,"column":8},"end":{"line":76,"column":9}},"type":"if","locations":[{"start":{"line":73,"column":8},"end":{"line":76,"column":9}},{"start":{"line":73,"column":8},"end":{"line":76,"column":9}}],"line":73},"5":{"loc":{"start":{"line":82,"column":8},"end":{"line":84,"column":9}},"type":"if","locations":[{"start":{"line":82,"column":8},"end":{"line":84,"column":9}},{"start":{"line":82,"column":8},"end":{"line":84,"column":9}}],"line":82},"6":{"loc":{"start":{"line":92,"column":8},"end":{"line":94,"column":9}},"type":"if","locations":[{"start":{"line":92,"column":8},"end":{"line":94,"column":9}},{"start":{"line":92,"column":8},"end":{"line":94,"column":9}}],"line":92},"7":{"loc":{"start":{"line":102,"column":8},"end":{"line":104,"column":9}},"type":"if","locations":[{"start":{"line":102,"column":8},"end":{"line":104,"column":9}},{"start":{"line":102,"column":8},"end":{"line":104,"column":9}}],"line":102},"8":{"loc":{"start":{"line":113,"column":0},"end":{"line":115,"column":1}},"type":"if","locations":[{"start":{"line":113,"column":0},"end":{"line":115,"column":1}},{"start":{"line":113,"column":0},"end":{"line":115,"column":1}}],"line":113}},"s":{"0":0,"1":9,"2":9,"3":9,"4":23,"5":23,"6":1,"7":23,"8":1,"9":0,"10":0,"11":0,"12":1,"13":9,"14":9,"15":9,"16":13,"17":13,"18":1,"19":12,"20":12,"21":12,"22":12,"23":12,"24":12,"25":4,"26":3,"27":1,"28":1,"29":1,"30":1,"31":1,"32":11,"33":11,"34":2,"35":1,"36":1},"f":{"0":0,"1":23,"2":9,"3":13,"4":4,"5":11},"b":{"0":[1,22],"1":[1,22],"2":[0,1],"3":[1,12],"4":[12,0],"5":[3,1],"6":[1,0],"7":[2,9],"8":[1,0]},"_coverageSchema":"1a1c01bbd47fc00a2c39e90264f33305004495a9","hash":"19dcdb36ad8a790c44c4ccc866ce95c002cf517d"}
}
