TN:
SF:Scene.js
FN:20,(anonymous_0)
FN:113,(anonymous_1)
FN:124,(anonymous_2)
FN:131,(anonymous_3)
FN:138,(anonymous_4)
FN:145,(anonymous_5)
FN:151,(anonymous_6)
FN:168,(anonymous_7)
FN:184,(anonymous_8)
FN:194,(anonymous_9)
FN:207,(anonymous_10)
FN:255,(anonymous_11)
FNF:12
FNH:7
FNDA:5,(anonymous_0)
FNDA:5,(anonymous_1)
FNDA:1,(anonymous_2)
FNDA:1,(anonymous_3)
FNDA:1,(anonymous_4)
FNDA:4,(anonymous_5)
FNDA:0,(anonymous_6)
FNDA:0,(anonymous_7)
FNDA:0,(anonymous_8)
FNDA:0,(anonymous_9)
FNDA:2,(anonymous_10)
FNDA:0,(anonymous_11)
DA:8,5
DA:10,5
DA:12,5
DA:14,5
DA:16,5
DA:21,5
DA:22,5
DA:24,5
DA:26,0
DA:37,5
DA:43,5
DA:44,0
DA:45,0
DA:46,0
DA:47,0
DA:48,0
DA:50,0
DA:53,5
DA:55,5
DA:56,0
DA:57,0
DA:58,0
DA:59,0
DA:60,0
DA:62,0
DA:65,5
DA:67,5
DA:71,5
DA:72,5
DA:73,5
DA:75,5
DA:76,0
DA:86,5
DA:89,5
DA:92,5
DA:95,5
DA:96,5
DA:99,5
DA:100,5
DA:101,5
DA:102,5
DA:103,5
DA:104,5
DA:105,5
DA:106,5
DA:107,5
DA:114,5
DA:115,5
DA:116,5
DA:117,5
DA:118,5
DA:125,1
DA:132,1
DA:139,1
DA:146,4
DA:147,4
DA:152,0
DA:153,0
DA:155,0
DA:156,0
DA:159,0
DA:169,0
DA:170,0
DA:173,0
DA:175,0
DA:177,0
DA:179,0
DA:181,0
DA:185,0
DA:186,0
DA:187,0
DA:188,0
DA:195,0
DA:196,0
DA:197,0
DA:198,0
DA:213,2
DA:214,3
DA:216,3
DA:217,3
DA:220,0
DA:223,0
DA:225,0
DA:227,0
DA:228,0
DA:230,0
DA:233,0
DA:238,0
DA:239,0
DA:241,0
DA:242,0
DA:243,0
DA:253,0
DA:254,0
DA:256,0
DA:257,0
DA:258,0
DA:263,0
DA:264,0
DA:265,0
DA:267,0
DA:271,0
DA:276,0
DA:278,0
DA:279,0
DA:280,0
DA:283,0
DA:284,0
DA:285,0
DA:292,0
DA:293,0
DA:294,0
DA:305,1
DA:306,1
LF:114
LH:48
BRDA:24,0,0,0
BRDA:24,0,1,5
BRDA:43,1,0,0
BRDA:43,1,1,5
BRDA:45,2,0,0
BRDA:45,2,1,0
BRDA:55,3,0,0
BRDA:55,3,1,5
BRDA:57,4,0,0
BRDA:57,4,1,0
BRDA:75,5,0,0
BRDA:75,5,1,5
BRDA:155,6,0,0
BRDA:155,6,1,0
BRDA:169,7,0,0
BRDA:169,7,1,0
BRDA:216,8,0,3
BRDA:216,8,1,0
BRDA:227,9,0,0
BRDA:227,9,1,0
BRDA:230,10,0,0
BRDA:230,10,1,0
BRDA:256,11,0,0
BRDA:256,11,1,0
BRDA:263,12,0,0
BRDA:263,12,1,0
BRDA:278,13,0,0
BRDA:278,13,1,0
BRDA:278,14,0,0
BRDA:278,14,1,0
BRDA:283,15,0,0
BRDA:283,15,1,0
BRDA:305,16,0,1
BRDA:305,16,1,0
BRF:34
BRH:6
end_of_record
TN:
SF:Textures_List.js
FN:9,texture_drag
FN:29,(anonymous_1)
FN:50,(anonymous_2)
FN:58,(anonymous_3)
FN:81,(anonymous_4)
FN:99,(anonymous_5)
FNF:6
FNH:5
FNDA:0,texture_drag
FNDA:23,(anonymous_1)
FNDA:9,(anonymous_2)
FNDA:13,(anonymous_3)
FNDA:4,(anonymous_4)
FNDA:11,(anonymous_5)
DA:10,0
DA:19,9
DA:21,9
DA:23,9
DA:32,23
DA:34,23
DA:35,1
DA:38,23
DA:39,1
DA:40,0
DA:41,0
DA:42,0
DA:44,1
DA:51,9
DA:52,9
DA:53,9
DA:59,13
DA:61,13
DA:62,1
DA:65,12
DA:68,12
DA:70,12
DA:71,12
DA:73,12
DA:75,12
DA:82,4
DA:83,3
DA:86,1
DA:88,1
DA:91,1
DA:92,1
DA:93,1
DA:100,11
DA:102,11
DA:103,2
DA:113,1
DA:114,1
LF:37
LH:33
BRDA:34,0,0,1
BRDA:34,0,1,22
BRDA:38,1,0,1
BRDA:38,1,1,22
BRDA:39,2,0,0
BRDA:39,2,1,1
BRDA:61,3,0,1
BRDA:61,3,1,12
BRDA:73,4,0,12
BRDA:73,4,1,0
BRDA:82,5,0,3
BRDA:82,5,1,1
BRDA:92,6,0,1
BRDA:92,6,1,0
BRDA:102,7,0,2
BRDA:102,7,1,9
BRDA:113,8,0,1
BRDA:113,8,1,0
BRF:18
BRH:14
end_of_record
